2026-01-19 19:13:13,509 INFO CONFIG_PATH=/app/setting/config_2026-02.yaml
2026-01-19 19:13:13,510 INFO OUT_RUN_DIR=/app/output/2026-02
2026-01-19 19:13:13,511 INFO NO_GANTT=False
2026-01-19 19:14:16,331 INFO status=FEASIBLE
2026-01-19 19:30:09,501 INFO CONFIG_PATH=/app/setting/config_2026-02.yaml
2026-01-19 19:30:09,503 INFO OUT_RUN_DIR=/app/output/2026-02
2026-01-19 19:30:09,504 INFO NO_GANTT=False
2026-01-19 19:31:11,835 INFO status=FEASIBLE
2026-01-19 19:39:03,593 INFO CONFIG_PATH=/app/setting/config_2026-02.yaml
2026-01-19 19:39:03,594 INFO OUT_RUN_DIR=/app/output/2026-02
2026-01-19 19:39:03,595 INFO NO_GANTT=False
2026-01-19 19:40:05,394 INFO status=FEASIBLE
2026-01-20 03:06:33,440 INFO CONFIG_PATH=/app/setting/config_2026-02.yaml
2026-01-20 03:06:33,442 INFO OUT_RUN_DIR=/app/output/2026-02
2026-01-20 03:06:33,443 INFO NO_GANTT=False
2026-01-20 03:07:35,297 INFO status=FEASIBLE
2026-01-21 13:55:45,583 INFO CONFIG_PATH=/app/setting/config_2026-02.yaml
2026-01-21 13:55:45,586 INFO OUT_RUN_DIR=/app/output/2026-02
2026-01-21 13:55:45,590 INFO NO_GANTT=False
2026-01-21 13:56:47,194 INFO status=FEASIBLE
2026-02-18 00:43:54,492 INFO CONFIG_PATH=C:\Users\takum\OneDrive\デスクトップ\筑波\2025年度\問題発見と解決\Kasuga-gym-system_streamlit_ready_v10_fixed2\Kasuga-gym-system\data\2026-02\config.yaml
2026-02-18 00:43:54,495 INFO OUT_RUN_DIR=C:\Users\takum\OneDrive\デスクトップ\筑波\2025年度\問題発見と解決\Kasuga-gym-system_streamlit_ready_v10_fixed2\Kasuga-gym-system\output\2026-02
2026-02-18 00:43:54,495 INFO NO_GANTT=False
2026-02-18 00:50:36,947 INFO CONFIG_PATH=C:\Users\takum\OneDrive\デスクトップ\筑波\2025年度\問題発見と解決\Kasuga-gym-system_streamlit_ready_v10_fixed2\Kasuga-gym-system\data\2026-02\config.yaml
2026-02-18 00:50:36,947 INFO OUT_RUN_DIR=C:\Users\takum\OneDrive\デスクトップ\筑波\2025年度\問題発見と解決\Kasuga-gym-system_streamlit_ready_v10_fixed2\Kasuga-gym-system\output\2026-02
2026-02-18 00:50:36,947 INFO NO_GANTT=False
2026-02-18 00:52:33,789 INFO CONFIG_PATH=C:\Users\takum\OneDrive\デスクトップ\筑波\2025年度\問題発見と解決\Kasuga-gym-system_streamlit_ready_v10_fixed2\Kasuga-gym-system\data\2026-02\config.yaml
2026-02-18 00:52:33,789 INFO OUT_RUN_DIR=C:\Users\takum\OneDrive\デスクトップ\筑波\2025年度\問題発見と解決\Kasuga-gym-system_streamlit_ready_v10_fixed2\Kasuga-gym-system\output\2026-02
2026-02-18 00:52:33,791 INFO NO_GANTT=False
2026-02-18 01:00:30,335 INFO CONFIG_PATH=C:\Users\takum\OneDrive\デスクトップ\筑波\2025年度\問題発見と解決\Kasuga-gym-system_streamlit_ready_v10_fixed2\Kasuga-gym-system\data\2026-02\config.yaml
2026-02-18 01:00:30,335 INFO OUT_RUN_DIR=C:\Users\takum\OneDrive\デスクトップ\筑波\2025年度\問題発見と解決\Kasuga-gym-system_streamlit_ready_v10_fixed2\Kasuga-gym-system\output\2026-02
2026-02-18 01:00:30,335 INFO NO_GANTT=False
2026-02-18 01:08:51,698 INFO CONFIG_PATH=C:\Users\takum\OneDrive\デスクトップ\筑波\2025年度\問題発見と解決\Kasuga-gym-system_streamlit_ready_v10_fixed2\Kasuga-gym-system\data\2026-02\config.yaml
2026-02-18 01:08:51,699 INFO OUT_RUN_DIR=C:\Users\takum\OneDrive\デスクトップ\筑波\2025年度\問題発見と解決\Kasuga-gym-system_streamlit_ready_v10_fixed2\Kasuga-gym-system\output\2026-02
2026-02-18 01:08:51,699 INFO NO_GANTT=False
2026-02-18 01:09:36,829 INFO CONFIG_PATH=C:\Users\takum\OneDrive\デスクトップ\筑波\2025年度\問題発見と解決\Kasuga-gym-system_streamlit_ready_v10_fixed2\Kasuga-gym-system\data\2026-02\config.yaml
2026-02-18 01:09:36,829 INFO OUT_RUN_DIR=C:\Users\takum\OneDrive\デスクトップ\筑波\2025年度\問題発見と解決\Kasuga-gym-system_streamlit_ready_v10_fixed2\Kasuga-gym-system\output\2026-02
2026-02-18 01:09:36,829 INFO NO_GANTT=False
2026-02-18 02:49:43,149 INFO CONFIG_PATH=/app/data/2026-02/config.yaml
2026-02-18 02:49:43,150 INFO OUT_RUN_DIR=/app/output/2026-02
2026-02-18 02:49:43,151 INFO NO_GANTT=False
2026-02-18 02:50:02,371 INFO CONFIG_PATH=/app/data/2026-02/config.yaml
2026-02-18 02:50:02,374 INFO OUT_RUN_DIR=/app/output/2026-02
2026-02-18 02:50:02,375 INFO NO_GANTT=False
2026-02-18 02:59:08,827 INFO CONFIG_PATH=/app/data/2026-02/config.yaml
2026-02-18 02:59:08,829 INFO OUT_RUN_DIR=/app/output/2026-02
2026-02-18 02:59:08,830 INFO NO_GANTT=False
2026-02-18 03:00:10,653 INFO status=FEASIBLE
2026-02-18 03:01:45,719 INFO CONFIG_PATH=/app/data/2026-02/config.yaml
2026-02-18 03:01:45,721 INFO OUT_RUN_DIR=/app/output/2026-02
2026-02-18 03:01:45,722 INFO NO_GANTT=False
2026-02-18 03:02:46,901 INFO status=FEASIBLE
2026-02-18 03:11:36,712 INFO CONFIG_PATH=/app/data/2026-02/config.yaml
2026-02-18 03:11:36,712 INFO OUT_RUN_DIR=/app/output/2026-02
2026-02-18 03:11:36,714 INFO NO_GANTT=False
2026-02-18 03:12:37,873 INFO status=FEASIBLE
2026-02-18 03:33:13,009 INFO CONFIG_PATH=/app/data/2026-02/config.yaml
2026-02-18 03:33:13,010 INFO OUT_RUN_DIR=/app/output/2026-02
2026-02-18 03:33:13,011 INFO NO_GANTT=False
2026-02-18 03:34:14,624 INFO status=FEASIBLE
