2026-01-14 17:19:11,974 INFO CONFIG_PATH=/app/config.yaml
2026-01-14 17:19:11,976 INFO OUT_RUN_DIR=/app/output/2026-01
2026-01-14 17:19:11,977 INFO NO_GANTT=False
2026-01-14 17:20:12,943 INFO status=FEASIBLE
2026-01-14 17:54:37,179 INFO CONFIG_PATH=/app/config.yaml
2026-01-14 17:54:37,181 INFO OUT_RUN_DIR=/app/output/2026-01
2026-01-14 17:54:37,183 INFO NO_GANTT=False
2026-01-14 17:55:38,538 INFO status=FEASIBLE
2026-01-16 13:22:44,877 INFO CONFIG_PATH=/app/config.yaml
2026-01-16 13:22:44,879 INFO OUT_RUN_DIR=/app/output/2026-01
2026-01-16 13:22:44,881 INFO NO_GANTT=False
2026-01-16 13:23:46,167 INFO status=FEASIBLE
2026-01-16 13:34:06,964 INFO CONFIG_PATH=/app/config.yaml
2026-01-16 13:34:06,966 INFO OUT_RUN_DIR=/app/output/2026-01
2026-01-16 13:34:06,967 INFO NO_GANTT=False
2026-01-16 13:35:08,301 INFO status=FEASIBLE
2026-01-16 13:43:50,565 INFO CONFIG_PATH=/app/config.yaml
2026-01-16 13:43:50,568 INFO OUT_RUN_DIR=/app/output/2026-01
2026-01-16 13:43:50,569 INFO NO_GANTT=False
2026-01-16 13:44:51,643 INFO status=FEASIBLE
2026-01-16 22:46:58,335 INFO CONFIG_PATH=/app/config.yaml
2026-01-16 22:46:58,337 INFO OUT_RUN_DIR=/app/output/2026-01
2026-01-16 22:46:58,340 INFO NO_GANTT=False
2026-01-16 22:47:59,460 INFO status=FEASIBLE
2026-01-16 23:16:58,887 INFO CONFIG_PATH=/app/config.yaml
2026-01-16 23:16:58,889 INFO OUT_RUN_DIR=/app/output/2026-01
2026-01-16 23:16:58,890 INFO NO_GANTT=False
2026-01-16 23:18:00,276 INFO status=FEASIBLE
2026-01-16 23:49:49,536 INFO CONFIG_PATH=/app/config.yaml
2026-01-16 23:49:49,539 INFO OUT_RUN_DIR=/app/output/2026-01
2026-01-16 23:49:49,541 INFO NO_GANTT=False
2026-01-16 23:50:51,057 INFO status=FEASIBLE
2026-01-16 23:55:17,851 INFO CONFIG_PATH=/app/config.yaml
2026-01-16 23:55:17,853 INFO OUT_RUN_DIR=/app/output/2026-01
2026-01-16 23:55:17,855 INFO NO_GANTT=False
2026-01-16 23:56:19,040 INFO status=FEASIBLE
2026-01-16 23:58:58,773 INFO CONFIG_PATH=/app/config.yaml
2026-01-16 23:58:58,776 INFO OUT_RUN_DIR=/app/output/2026-01
2026-01-16 23:58:58,777 INFO NO_GANTT=False
2026-01-17 00:00:00,155 INFO status=FEASIBLE
2026-01-17 00:01:28,141 INFO CONFIG_PATH=/app/config.yaml
2026-01-17 00:01:28,144 INFO OUT_RUN_DIR=/app/output/2026-01
2026-01-17 00:01:28,145 INFO NO_GANTT=False
2026-01-17 00:02:29,460 INFO status=FEASIBLE
2026-01-17 00:12:43,025 INFO CONFIG_PATH=/app/config.yaml
2026-01-17 00:12:43,027 INFO OUT_RUN_DIR=/app/output/2026-01
2026-01-17 00:12:43,027 INFO NO_GANTT=False
2026-01-17 00:13:44,477 INFO status=FEASIBLE
2026-01-17 00:17:00,059 INFO CONFIG_PATH=/app/config.yaml
2026-01-17 00:17:00,061 INFO OUT_RUN_DIR=/app/output/2026-01
2026-01-17 00:17:00,062 INFO NO_GANTT=False
2026-01-17 00:18:01,535 INFO status=FEASIBLE
2026-01-17 00:20:08,548 INFO CONFIG_PATH=/app/config.yaml
2026-01-17 00:20:08,550 INFO OUT_RUN_DIR=/app/output/2026-01
2026-01-17 00:20:08,551 INFO NO_GANTT=False
2026-01-17 00:21:10,363 INFO status=FEASIBLE
2026-01-17 00:41:24,578 INFO CONFIG_PATH=/app/config.yaml
2026-01-17 00:41:24,580 INFO OUT_RUN_DIR=/app/output/2026-01
2026-01-17 00:41:24,582 INFO NO_GANTT=False
2026-01-17 00:42:25,821 INFO status=FEASIBLE
2026-01-17 00:47:51,746 INFO CONFIG_PATH=/app/config.yaml
2026-01-17 00:47:51,748 INFO OUT_RUN_DIR=/app/output/2026-01
2026-01-17 00:47:51,750 INFO NO_GANTT=False
2026-01-17 00:48:52,829 INFO status=FEASIBLE
2026-01-17 00:50:11,495 INFO CONFIG_PATH=/app/config.yaml
2026-01-17 00:50:11,497 INFO OUT_RUN_DIR=/app/output/2026-01
2026-01-17 00:50:11,499 INFO NO_GANTT=False
2026-01-17 00:51:12,577 INFO status=FEASIBLE
2026-01-17 00:59:58,867 INFO CONFIG_PATH=/app/config.yaml
2026-01-17 00:59:58,869 INFO OUT_RUN_DIR=/app/output/2026-01
2026-01-17 00:59:58,871 INFO NO_GANTT=False
2026-01-17 01:00:59,967 INFO status=FEASIBLE
2026-01-17 01:02:31,394 INFO CONFIG_PATH=/app/config.yaml
2026-01-17 01:02:31,396 INFO OUT_RUN_DIR=/app/output/2026-01
2026-01-17 01:02:31,398 INFO NO_GANTT=False
2026-01-17 01:03:32,448 INFO status=FEASIBLE
2026-01-17 01:17:19,578 INFO CONFIG_PATH=/app/config.yaml
2026-01-17 01:17:19,580 INFO OUT_RUN_DIR=/app/output/2026-01
2026-01-17 01:17:19,581 INFO NO_GANTT=False
2026-01-17 01:18:20,886 INFO status=FEASIBLE
2026-01-17 01:26:08,273 INFO CONFIG_PATH=/app/config.yaml
2026-01-17 01:26:08,275 INFO OUT_RUN_DIR=/app/output/2026-01
2026-01-17 01:26:08,276 INFO NO_GANTT=False
2026-01-17 01:27:09,368 INFO status=FEASIBLE
2026-01-17 17:12:05,484 INFO CONFIG_PATH=/app/setting/config_2026-01.yaml
2026-01-17 17:12:05,487 INFO OUT_RUN_DIR=/app/output/2026-01
2026-01-17 17:12:05,489 INFO NO_GANTT=False
2026-01-17 17:13:06,516 INFO status=FEASIBLE
2026-01-17 17:22:04,413 INFO CONFIG_PATH=/app/setting/config_2026-01.yaml
2026-01-17 17:22:04,415 INFO OUT_RUN_DIR=/app/output/2026-01
2026-01-17 17:22:04,416 INFO NO_GANTT=False
2026-01-17 17:23:05,699 INFO status=FEASIBLE
2026-01-17 17:33:45,558 INFO CONFIG_PATH=/app/setting/config_2026-01.yaml
2026-01-17 17:33:45,559 INFO OUT_RUN_DIR=/app/output/2026-01
2026-01-17 17:33:45,560 INFO NO_GANTT=False
2026-01-17 17:34:46,873 INFO status=FEASIBLE
2026-01-17 17:39:57,556 INFO CONFIG_PATH=/app/setting/config_2026-01.yaml
2026-01-17 17:39:57,558 INFO OUT_RUN_DIR=/app/output/2026-01
2026-01-17 17:39:57,558 INFO NO_GANTT=False
2026-01-17 17:40:58,615 INFO status=FEASIBLE
2026-01-17 18:32:16,625 INFO CONFIG_PATH=/app/setting/config_2026-01.yaml
2026-01-17 18:32:16,626 INFO OUT_RUN_DIR=/app/output/2026-01
2026-01-17 18:32:16,627 INFO NO_GANTT=False
2026-01-17 18:33:18,126 INFO status=FEASIBLE
